[raijin_e1] MODEL=lstm  HORIZON=7  CONTEXT_LEN=90
[raijin_e1] OMP=16  MKL=16
[raijin_e1] numactl --interleave=all
[raijin_e1] OUT_DIR=/home/hpc/sst-forecasting/experiments/results/sstf_e1_lstm-117
=== provenance 2026-05-03T07:09:12+00:00 ===
host:      hpc-03
slurm:     job=117  node=hpc-03
git sha:   7fa29a7e3409b80fa33b5cfa3aa4e7e24d54d21b
python:    /home/hpc/miniconda3/envs/sst/bin/python (Python 3.12.13)
torch:     2.11.0+cpu
numpy:     2.4.4
model:     lstm
horizon:   7
context:   90
===
Intel oneMKL WARNING: Support of Intel(R) Advanced Vector Extensions (Intel(R) AVX) enabled only processors has been deprecated. Intel oneAPI Math Kernel Library will use Intel(R) Streaming SIMD Extensions 4.2 (Intel(R) SSE4.2) instructions instead.
[train_e1] Grid: H=81, W=121, ocean cells=7890
[train_e1] norm_mean=0.00000, norm_std=0.70023
[train_e1] train batches=322, val batches=63
[train_e1] model=lstm, params=9,709,055
[epoch 001/50] train RMSE=0.5973°C  val RMSE=0.6482°C  lr=1.00e-03  ep=439.4s  total=439s
[epoch 002/50] train RMSE=0.5540°C  val RMSE=0.6360°C  lr=1.00e-03  ep=366.8s  total=810s
[epoch 003/50] train RMSE=0.5393°C  val RMSE=0.6469°C  lr=1.00e-03  ep=420.3s  total=1233s
[epoch 004/50] train RMSE=0.5337°C  val RMSE=0.6348°C  lr=1.00e-03  ep=374.6s  total=1608s
[epoch 005/50] train RMSE=0.5277°C  val RMSE=0.6433°C  lr=1.00e-03  ep=419.8s  total=2031s
[epoch 006/50] train RMSE=0.5225°C  val RMSE=0.6266°C  lr=1.00e-03  ep=424.5s  total=2456s
[epoch 007/50] train RMSE=0.5202°C  val RMSE=0.6517°C  lr=1.00e-03  ep=405.7s  total=2865s
[epoch 008/50] train RMSE=0.5165°C  val RMSE=0.6587°C  lr=1.00e-03  ep=401.4s  total=3266s
[epoch 009/50] train RMSE=0.5144°C  val RMSE=0.6532°C  lr=1.00e-03  ep=427.0s  total=3693s
[epoch 010/50] train RMSE=0.5108°C  val RMSE=0.6536°C  lr=1.00e-03  ep=431.5s  total=4125s
[epoch 011/50] train RMSE=0.5087°C  val RMSE=0.6586°C  lr=1.00e-03  ep=429.6s  total=4554s
[epoch 012/50] train RMSE=0.5078°C  val RMSE=0.6719°C  lr=5.00e-04  ep=428.9s  total=4983s
[epoch 013/50] train RMSE=0.4981°C  val RMSE=0.6554°C  lr=5.00e-04  ep=430.5s  total=5414s
[epoch 014/50] train RMSE=0.4952°C  val RMSE=0.6528°C  lr=5.00e-04  ep=430.0s  total=5844s
[epoch 015/50] train RMSE=0.4957°C  val RMSE=0.6393°C  lr=5.00e-04  ep=430.1s  total=6274s
[epoch 016/50] train RMSE=0.4940°C  val RMSE=0.6470°C  lr=5.00e-04  ep=430.4s  total=6704s
[train_e1] early stopping at epoch 16 (patience=10)
[train_e1] training done in 6707.4s
[train_e1] loading best model for test evaluation ...
[train_e1] test RMSE (°C) per step: ['0.5946', '0.6011', '0.6078', '0.6141', '0.6203', '0.6258', '0.6326']
[train_e1] test RMSE mean over 7 steps: 0.6138°C
[train_e1] metrics written to /home/hpc/sst-forecasting/experiments/results/sstf_e1_lstm-117/metrics.json
[train_e1] run.yaml written to /home/hpc/sst-forecasting/experiments/results/sstf_e1_lstm-117/run.yaml
	Command being timed: "numactl --interleave=all python scripts/train_e1.py --model lstm --horizon 7 --context-len 90 --zarr-path /home/hpc/sst-forecasting/data/processed/oisst_coralsea.zarr --output-dir /home/hpc/sst-forecasting/experiments/results/sstf_e1_lstm-117 --max-epochs 50 --batch-size 16 --num-workers 0 --patience 10 --seed 42"
	User time (seconds): 22232.86
	System time (seconds): 2514.01
	Percent of CPU this job got: 366%
	Elapsed (wall clock) time (h:mm:ss or m:ss): 1:52:33
	Average shared text size (kbytes): 0
	Average unshared data size (kbytes): 0
	Average stack size (kbytes): 0
	Average total size (kbytes): 0
	Maximum resident set size (kbytes): 1340540
	Average resident set size (kbytes): 0
	Major (requiring I/O) page faults: 476
	Minor (reclaiming a frame) page faults: 234246805
	Voluntary context switches: 13256385
	Involuntary context switches: 133825
	Swaps: 0
	File system inputs: 623984
	File system outputs: 379512
	Socket messages sent: 0
	Socket messages received: 0
	Signals delivered: 0
	Page size (bytes): 4096
	Exit status: 0
[raijin_e1] done. Results in /home/hpc/sst-forecasting/experiments/results/sstf_e1_lstm-117
